ISim log file
Running: C:\Users\vboxuser\Desktop\OmarKhaled_222000009_2024\OmarKhaled_222000009_2024\MIPS_Test_isim_beh.exe -intstyle ise -gui -tclbatch isim.cmd -wdb C:/Users/vboxuser/Desktop/OmarKhaled_222000009_2024/OmarKhaled_222000009_2024/MIPS_Test_isim_beh.wdb 
ISim P.20131013 (signature 0x7708f090)
This is a Full version of ISim.
Time resolution is 1 ps
# onerror resume
# wave add /
# run 1000 ns
Simulator is doing circuit initialization process.
at 0 ps, Instance /mips_test/uut/adder4/ : Warning: There is an 'U'|'X'|'W'|'Z'|'-' in an arithmetic operand, the result will be 'X'(es).
at 0 ps, Instance /mips_test/uut/InstructionMemo/ : Warning: NUMERIC_STD.TO_INTEGER: metavalue detected, returning 0
at 0 ps, Instance /mips_test/uut/InstructionMemo/ : Warning: NUMERIC_STD.TO_INTEGER: metavalue detected, returning 0
at 0 ps, Instance /mips_test/uut/InstructionMemo/ : Warning: NUMERIC_STD.TO_INTEGER: metavalue detected, returning 0
at 0 ps, Instance /mips_test/uut/InstructionMemo/ : Warning: NUMERIC_STD.TO_INTEGER: metavalue detected, returning 0
at 0 ps, Instance /mips_test/uut/InstReg/register_file/ : Warning: NUMERIC_STD.TO_INTEGER: metavalue detected, returning 0
at 0 ps, Instance /mips_test/uut/InstReg/register_file/ : Warning: NUMERIC_STD.TO_INTEGER: metavalue detected, returning 0
Finished circuit initialization process.
ERROR: Index 24 out of bound 0 to 23. 
ERROR: In process instruction_memo.vhd:40 
 
INFO: Simulator is stopped.
ISim P.20131013 (signature 0x7708f090)
This is a Full version of ISim.
# run 1000 ns
Simulator is doing circuit initialization process.
at 0 ps, Instance /mips_test/uut/adder4/ : Warning: There is an 'U'|'X'|'W'|'Z'|'-' in an arithmetic operand, the result will be 'X'(es).
at 0 ps, Instance /mips_test/uut/InstructionMemo/ : Warning: NUMERIC_STD.TO_INTEGER: metavalue detected, returning 0
at 0 ps, Instance /mips_test/uut/InstructionMemo/ : Warning: NUMERIC_STD.TO_INTEGER: metavalue detected, returning 0
at 0 ps, Instance /mips_test/uut/InstructionMemo/ : Warning: NUMERIC_STD.TO_INTEGER: metavalue detected, returning 0
at 0 ps, Instance /mips_test/uut/InstructionMemo/ : Warning: NUMERIC_STD.TO_INTEGER: metavalue detected, returning 0
at 0 ps, Instance /mips_test/uut/InstReg/register_file/ : Warning: NUMERIC_STD.TO_INTEGER: metavalue detected, returning 0
at 0 ps, Instance /mips_test/uut/InstReg/register_file/ : Warning: NUMERIC_STD.TO_INTEGER: metavalue detected, returning 0
Finished circuit initialization process.
ERROR: Index 24 out of bound 0 to 23. 
ERROR: In process instruction_memo.vhd:40 
 
INFO: Simulator is stopped.
ISim P.20131013 (signature 0x7708f090)
This is a Full version of ISim.
# run 1000 ns
Simulator is doing circuit initialization process.
at 0 ps, Instance /mips_test/uut/adder4/ : Warning: There is an 'U'|'X'|'W'|'Z'|'-' in an arithmetic operand, the result will be 'X'(es).
at 0 ps, Instance /mips_test/uut/InstructionMemo/ : Warning: NUMERIC_STD.TO_INTEGER: metavalue detected, returning 0
at 0 ps, Instance /mips_test/uut/InstructionMemo/ : Warning: NUMERIC_STD.TO_INTEGER: metavalue detected, returning 0
at 0 ps, Instance /mips_test/uut/InstructionMemo/ : Warning: NUMERIC_STD.TO_INTEGER: metavalue detected, returning 0
at 0 ps, Instance /mips_test/uut/InstructionMemo/ : Warning: NUMERIC_STD.TO_INTEGER: metavalue detected, returning 0
at 0 ps, Instance /mips_test/uut/InstReg/register_file/ : Warning: NUMERIC_STD.TO_INTEGER: metavalue detected, returning 0
at 0 ps, Instance /mips_test/uut/InstReg/register_file/ : Warning: NUMERIC_STD.TO_INTEGER: metavalue detected, returning 0
Finished circuit initialization process.
ERROR: Index 24 out of bound 0 to 23. 
ERROR: In process instruction_memo.vhd:40 
 
INFO: Simulator is stopped.
